c:\magic-cat-cademy\magic cat-cademy\magic cat-cademy\x64\debug\vc143.pdb
c:\magic-cat-cademy\magic cat-cademy\magic cat-cademy\x64\debug\vc143.idb
c:\magic-cat-cademy\magic cat-cademy\magic cat-cademy\x64\debug\utilities.obj
c:\magic-cat-cademy\magic cat-cademy\magic cat-cademy\x64\debug\soundplayer.obj
c:\magic-cat-cademy\magic cat-cademy\magic cat-cademy\x64\debug\scene_menu.obj
c:\magic-cat-cademy\magic cat-cademy\magic cat-cademy\x64\debug\scene_magiccatcademy.obj
c:\magic-cat-cademy\magic cat-cademy\magic cat-cademy\x64\debug\scene.obj
c:\magic-cat-cademy\magic cat-cademy\magic cat-cademy\x64\debug\physics.obj
c:\magic-cat-cademy\magic cat-cademy\magic cat-cademy\x64\debug\musicplayer.obj
c:\magic-cat-cademy\magic cat-cademy\magic cat-cademy\x64\debug\main.obj
c:\magic-cat-cademy\magic cat-cademy\magic cat-cademy\x64\debug\gameengine.obj
c:\magic-cat-cademy\magic cat-cademy\magic cat-cademy\x64\debug\entitymanager.obj
c:\magic-cat-cademy\magic cat-cademy\magic cat-cademy\x64\debug\entity.obj
c:\magic-cat-cademy\magic cat-cademy\magic cat-cademy\x64\debug\command.obj
c:\magic-cat-cademy\magic cat-cademy\magic cat-cademy\x64\debug\assets.obj
c:\magic-cat-cademy\magic cat-cademy\magic cat-cademy\x64\debug\animation.obj
c:\magic-cat-cademy\magic cat-cademy\x64\debug\magic cat-cademy.pdb
c:\magic-cat-cademy\magic cat-cademy\magic cat-cademy\x64\debug\magic cat-cademy.tlog\cl.command.1.tlog
c:\magic-cat-cademy\magic cat-cademy\magic cat-cademy\x64\debug\magic cat-cademy.tlog\cl.items.tlog
c:\magic-cat-cademy\magic cat-cademy\magic cat-cademy\x64\debug\magic cat-cademy.tlog\cl.read.1.tlog
c:\magic-cat-cademy\magic cat-cademy\magic cat-cademy\x64\debug\magic cat-cademy.tlog\cl.write.1.tlog
c:\magic-cat-cademy\magic cat-cademy\magic cat-cademy\x64\debug\magic cat-cademy.tlog\link.12128-cvtres.read.1.tlog
c:\magic-cat-cademy\magic cat-cademy\magic cat-cademy\x64\debug\magic cat-cademy.tlog\link.12128-cvtres.write.1.tlog
c:\magic-cat-cademy\magic cat-cademy\magic cat-cademy\x64\debug\magic cat-cademy.tlog\link.12128-rc.read.1.tlog
c:\magic-cat-cademy\magic cat-cademy\magic cat-cademy\x64\debug\magic cat-cademy.tlog\link.12128-rc.write.1.tlog
c:\magic-cat-cademy\magic cat-cademy\magic cat-cademy\x64\debug\magic cat-cademy.tlog\link.12128.read.1.tlog
c:\magic-cat-cademy\magic cat-cademy\magic cat-cademy\x64\debug\magic cat-cademy.tlog\link.12128.read.2.tlog
c:\magic-cat-cademy\magic cat-cademy\magic cat-cademy\x64\debug\magic cat-cademy.tlog\link.12128.read.3.tlog
c:\magic-cat-cademy\magic cat-cademy\magic cat-cademy\x64\debug\magic cat-cademy.tlog\link.12128.read.4.tlog
c:\magic-cat-cademy\magic cat-cademy\magic cat-cademy\x64\debug\magic cat-cademy.tlog\link.12128.write.1.tlog
c:\magic-cat-cademy\magic cat-cademy\magic cat-cademy\x64\debug\magic cat-cademy.tlog\link.command.1.tlog
c:\magic-cat-cademy\magic cat-cademy\magic cat-cademy\x64\debug\magic cat-cademy.tlog\link.read.1.tlog
c:\magic-cat-cademy\magic cat-cademy\magic cat-cademy\x64\debug\magic cat-cademy.tlog\link.write.1.tlog
